APP: 2025/05/12 14:11:13 L: 24    DEALS: 843   BALANCE: 10585.51   PROFIT: 0.06  
APP: 2025/05/12 14:11:13 L: 33    DEALS: 650   BALANCE: 12873.18   PROFIT: 0.29  
APP: 2025/05/12 14:11:13 L: 49    DEALS: 483   BALANCE: 13931.07   PROFIT: 0.39  
APP: 2025/05/12 14:11:13 Too short history for L: 1
APP: 2025/05/12 14:11:13 L: 5     DEALS: 2064  BALANCE: 4046.85    PROFIT: -0.60 
APP: 2025/05/12 14:13:09 L: 29    DEALS: 684   BALANCE: 12967.44   PROFIT: 0.30  
APP: 2025/05/12 14:13:09 L: 26    DEALS: 755   BALANCE: 12217.97   PROFIT: 0.22  
APP: 2025/05/12 14:13:09 L: 27    DEALS: 720   BALANCE: 12077.59   PROFIT: 0.21  
APP: 2025/05/12 14:13:09 L: 25    DEALS: 805   BALANCE: 10883.50   PROFIT: 0.09  
APP: 2025/05/12 14:13:09 L: 28    DEALS: 706   BALANCE: 12690.16   PROFIT: 0.27  
APP: 2025/05/12 14:15:05 L: 32    DEALS: 650   BALANCE: 12227.90   PROFIT: 0.22  
APP: 2025/05/12 14:15:05 L: 30    DEALS: 676   BALANCE: 12456.28   PROFIT: 0.25  
APP: 2025/05/12 14:15:05 L: 8     DEALS: 1543  BALANCE: 5214.15    PROFIT: -0.48 
APP: 2025/05/12 14:15:05 L: 31    DEALS: 667   BALANCE: 12090.23   PROFIT: 0.21  
APP: 2025/05/12 14:15:09 L: 23    DEALS: 847   BALANCE: 10472.19   PROFIT: 0.05  
APP: 2025/05/12 14:16:16 L: 9     DEALS: 1440  BALANCE: 5442.12    PROFIT: -0.46 
APP: 2025/05/12 14:16:16 L: 10    DEALS: 1317  BALANCE: 6030.60    PROFIT: -0.40 
APP: 2025/05/12 14:16:17 L: 11    DEALS: 1222  BALANCE: 6793.85    PROFIT: -0.32 
APP: 2025/05/12 14:16:17 L: 12    DEALS: 1163  BALANCE: 8355.35    PROFIT: -0.16 
APP: 2025/05/12 14:17:04 L: 13    DEALS: 1112  BALANCE: 9197.40    PROFIT: -0.08 
APP: 2025/05/12 14:18:12 L: 41    DEALS: 531   BALANCE: 13585.17   PROFIT: 0.36  
APP: 2025/05/12 14:18:12 L: 34    DEALS: 612   BALANCE: 13211.01   PROFIT: 0.32  
APP: 2025/05/12 14:18:12 L: 14    DEALS: 1069  BALANCE: 9315.99    PROFIT: -0.07 
APP: 2025/05/12 14:18:13 L: 36    DEALS: 609   BALANCE: 13135.73   PROFIT: 0.31  
APP: 2025/05/12 14:18:15 L: 7     DEALS: 1685  BALANCE: 4584.53    PROFIT: -0.54 
APP: 2025/05/12 14:20:08 L: 37    DEALS: 562   BALANCE: 13927.23   PROFIT: 0.39  
APP: 2025/05/12 14:20:08 L: 6     DEALS: 1860  BALANCE: 4098.69    PROFIT: -0.59 
APP: 2025/05/12 14:20:08 L: 38    DEALS: 556   BALANCE: 13715.87   PROFIT: 0.37  
APP: 2025/05/12 14:20:08 L: 39    DEALS: 532   BALANCE: 13776.45   PROFIT: 0.38  
APP: 2025/05/12 14:20:12 L: 35    DEALS: 628   BALANCE: 12905.34   PROFIT: 0.29  
APP: 2025/05/12 14:22:04 L: 40    DEALS: 533   BALANCE: 13701.54   PROFIT: 0.37  
APP: 2025/05/12 14:22:04 L: 3     DEALS: 2909  BALANCE: 2706.85    PROFIT: -0.73 
APP: 2025/05/12 14:22:04 L: 16    DEALS: 1024  BALANCE: 9064.84    PROFIT: -0.09 
APP: 2025/05/12 14:22:04 L: 15    DEALS: 1064  BALANCE: 9218.78    PROFIT: -0.08 
APP: 2025/05/12 14:22:08 L: 2     DEALS: 4040  BALANCE: 1555.89    PROFIT: -0.84 
APP: 2025/05/12 14:23:15 L: 17    DEALS: 977   BALANCE: 9847.05    PROFIT: -0.02 
APP: 2025/05/12 14:23:15 L: 18    DEALS: 957   BALANCE: 9537.24    PROFIT: -0.05 
APP: 2025/05/12 14:23:15 L: 19    DEALS: 899   BALANCE: 10365.44   PROFIT: 0.04  
APP: 2025/05/12 14:23:16 L: 4     DEALS: 2368  BALANCE: 3509.90    PROFIT: -0.65 
APP: 2025/05/12 14:24:03 L: 43    DEALS: 488   BALANCE: 14746.47   PROFIT: 0.47  
APP: 2025/05/12 14:25:11 L: 42    DEALS: 521   BALANCE: 13811.20   PROFIT: 0.38  
APP: 2025/05/12 14:25:11 L: 46    DEALS: 469   BALANCE: 14599.52   PROFIT: 0.46  
APP: 2025/05/12 14:25:12 L: 47    DEALS: 466   BALANCE: 14945.06   PROFIT: 0.49  
APP: 2025/05/12 14:25:12 L: 20    DEALS: 875   BALANCE: 10824.62   PROFIT: 0.08  
APP: 2025/05/12 14:25:14 L: 21    DEALS: 851   BALANCE: 10767.31   PROFIT: 0.08  
APP: 2025/05/12 14:27:03 L: 44    DEALS: 487   BALANCE: 14579.27   PROFIT: 0.46  
APP: 2025/05/12 14:27:03 L: 45    DEALS: 476   BALANCE: 14521.37   PROFIT: 0.45  
APP: 2025/05/12 14:27:04 L: 48    DEALS: 470   BALANCE: 14614.06   PROFIT: 0.46  
APP: 2025/05/12 14:27:04 L: 22    DEALS: 851   BALANCE: 10818.89   PROFIT: 0.08  
APP: 2025/05/12 14:27:04 All workers have finished successfully.
