APP: 2025/05/19 23:12:33 Interval: 1h0m0s
APP: 2025/05/19 23:12:47 L: 5     DEALS: 975   BALANCE: 6797.81    PROFIT: -0.32 
APP: 2025/05/19 23:13:00 L: 10    DEALS: 637   BALANCE: 7045.43    PROFIT: -0.30 
APP: 2025/05/19 23:13:14 L: 15    DEALS: 462   BALANCE: 7827.26    PROFIT: -0.22 
APP: 2025/05/19 23:13:28 L: 20    DEALS: 405   BALANCE: 7896.74    PROFIT: -0.21 
APP: 2025/05/19 23:13:41 L: 25    DEALS: 357   BALANCE: 8313.60    PROFIT: -0.17 
APP: 2025/05/19 23:13:54 L: 30    DEALS: 327   BALANCE: 8498.31    PROFIT: -0.15 
APP: 2025/05/19 23:14:10 L: 35    DEALS: 281   BALANCE: 9468.55    PROFIT: -0.05 
APP: 2025/05/19 23:14:24 L: 40    DEALS: 236   BALANCE: 9958.03    PROFIT: -0.00 
APP: 2025/05/19 23:14:38 L: 45    DEALS: 220   BALANCE: 10124.59   PROFIT: 0.01  
APP: 2025/05/19 23:14:51 L: 50    DEALS: 192   BALANCE: 10257.33   PROFIT: 0.03  
APP: 2025/05/19 23:15:06 L: 55    DEALS: 201   BALANCE: 9729.33    PROFIT: -0.03 
APP: 2025/05/19 23:15:20 L: 60    DEALS: 220   BALANCE: 9236.50    PROFIT: -0.08 
APP: 2025/05/19 23:15:33 L: 65    DEALS: 190   BALANCE: 9250.79    PROFIT: -0.07 
APP: 2025/05/19 23:15:46 L: 70    DEALS: 170   BALANCE: 9598.10    PROFIT: -0.04 
APP: 2025/05/19 23:15:59 L: 75    DEALS: 156   BALANCE: 9768.66    PROFIT: -0.02 
APP: 2025/05/19 23:16:13 L: 80    DEALS: 173   BALANCE: 9620.80    PROFIT: -0.04 
APP: 2025/05/19 23:16:28 L: 85    DEALS: 163   BALANCE: 9815.30    PROFIT: -0.02 
APP: 2025/05/19 23:16:42 L: 90    DEALS: 148   BALANCE: 10026.29   PROFIT: 0.00  
APP: 2025/05/19 23:16:55 L: 95    DEALS: 130   BALANCE: 10048.53   PROFIT: 0.00  
APP: 2025/05/19 23:17:08 L: 100   DEALS: 122   BALANCE: 10191.55   PROFIT: 0.02  
APP: 2025/05/19 23:17:23 L: 105   DEALS: 137   BALANCE: 9969.01    PROFIT: -0.00 
APP: 2025/05/19 23:17:36 L: 110   DEALS: 139   BALANCE: 9265.61    PROFIT: -0.07 
APP: 2025/05/19 23:17:51 L: 115   DEALS: 138   BALANCE: 9130.59    PROFIT: -0.09 
APP: 2025/05/19 23:18:05 L: 120   DEALS: 142   BALANCE: 8952.35    PROFIT: -0.10 
APP: 2025/05/19 23:18:19 L: 125   DEALS: 145   BALANCE: 8820.01    PROFIT: -0.12 
APP: 2025/05/19 23:18:33 L: 130   DEALS: 145   BALANCE: 8696.73    PROFIT: -0.13 
APP: 2025/05/19 23:18:46 L: 135   DEALS: 139   BALANCE: 8789.81    PROFIT: -0.12 
APP: 2025/05/19 23:19:00 L: 140   DEALS: 139   BALANCE: 8785.79    PROFIT: -0.12 
APP: 2025/05/19 23:19:13 L: 145   DEALS: 141   BALANCE: 8616.87    PROFIT: -0.14 
APP: 2025/05/19 23:19:26 L: 150   DEALS: 147   BALANCE: 8440.27    PROFIT: -0.16 
APP: 2025/05/19 23:19:41 L: 155   DEALS: 135   BALANCE: 8601.04    PROFIT: -0.14 
APP: 2025/05/19 23:19:55 L: 160   DEALS: 127   BALANCE: 8696.40    PROFIT: -0.13 
APP: 2025/05/19 23:20:08 L: 165   DEALS: 129   BALANCE: 8446.32    PROFIT: -0.16 
APP: 2025/05/19 23:20:22 L: 170   DEALS: 135   BALANCE: 8522.29    PROFIT: -0.15 
APP: 2025/05/19 23:20:34 L: 175   DEALS: 129   BALANCE: 8406.06    PROFIT: -0.16 
APP: 2025/05/19 23:20:49 L: 180   DEALS: 129   BALANCE: 8438.60    PROFIT: -0.16 
APP: 2025/05/19 23:21:02 L: 185   DEALS: 126   BALANCE: 8462.40    PROFIT: -0.15 
APP: 2025/05/19 23:21:17 L: 190   DEALS: 111   BALANCE: 8627.04    PROFIT: -0.14 
APP: 2025/05/19 23:21:31 L: 195   DEALS: 122   BALANCE: 8550.65    PROFIT: -0.14 
APP: 2025/05/19 23:21:45 L: 200   DEALS: 133   BALANCE: 8211.82    PROFIT: -0.18 
APP: 2025/05/19 23:21:45 Interval: 24h0m0s
APP: 2025/05/19 23:21:45 L: 5     DEALS: 52    BALANCE: 10624.83   PROFIT: 0.06  
APP: 2025/05/19 23:21:46 L: 10    DEALS: 44    BALANCE: 9590.33    PROFIT: -0.04 
APP: 2025/05/19 23:21:47 L: 15    DEALS: 39    BALANCE: 9720.25    PROFIT: -0.03 
APP: 2025/05/19 23:21:47 L: 20    DEALS: 27    BALANCE: 9686.54    PROFIT: -0.03 
APP: 2025/05/19 23:21:48 L: 25    DEALS: 22    BALANCE: 9782.98    PROFIT: -0.02 
APP: 2025/05/19 23:21:49 L: 30    DEALS: 25    BALANCE: 10023.35   PROFIT: 0.00  
APP: 2025/05/19 23:21:49 L: 35    DEALS: 25    BALANCE: 10276.47   PROFIT: 0.03  
APP: 2025/05/19 23:21:50 L: 40    DEALS: 19    BALANCE: 10340.92   PROFIT: 0.03  
APP: 2025/05/19 23:21:51 L: 45    DEALS: 15    BALANCE: 10409.81   PROFIT: 0.04  
APP: 2025/05/19 23:21:51 L: 50    DEALS: 13    BALANCE: 10598.49   PROFIT: 0.06  
APP: 2025/05/19 23:21:52 L: 55    DEALS: 13    BALANCE: 10190.50   PROFIT: 0.02  
APP: 2025/05/19 23:21:53 L: 60    DEALS: 11    BALANCE: 10225.06   PROFIT: 0.02  
APP: 2025/05/19 23:21:53 L: 65    DEALS: 13    BALANCE: 10010.89   PROFIT: 0.00  
APP: 2025/05/19 23:21:54 L: 70    DEALS: 12    BALANCE: 9961.42    PROFIT: -0.00 
APP: 2025/05/19 23:21:54 L: 75    DEALS: 15    BALANCE: 9819.92    PROFIT: -0.02 
APP: 2025/05/19 23:21:55 L: 80    DEALS: 10    BALANCE: 10051.88   PROFIT: 0.01  
APP: 2025/05/19 23:21:56 L: 85    DEALS: 9     BALANCE: 9887.57    PROFIT: -0.01 
APP: 2025/05/19 23:21:56 L: 90    DEALS: 13    BALANCE: 9258.32    PROFIT: -0.07 
APP: 2025/05/19 23:21:57 L: 95    DEALS: 19    BALANCE: 8905.74    PROFIT: -0.11 
APP: 2025/05/19 23:21:58 L: 100   DEALS: 21    BALANCE: 8705.96    PROFIT: -0.13 
APP: 2025/05/19 23:21:58 L: 105   DEALS: 21    BALANCE: 8708.24    PROFIT: -0.13 
APP: 2025/05/19 23:21:59 L: 110   DEALS: 20    BALANCE: 8946.72    PROFIT: -0.11 
APP: 2025/05/19 23:22:00 L: 115   DEALS: 21    BALANCE: 8911.98    PROFIT: -0.11 
APP: 2025/05/19 23:22:00 L: 120   DEALS: 16    BALANCE: 8956.66    PROFIT: -0.10 
APP: 2025/05/19 23:22:01 L: 125   DEALS: 14    BALANCE: 9561.86    PROFIT: -0.04 
APP: 2025/05/19 23:22:02 L: 130   DEALS: 10    BALANCE: 9329.46    PROFIT: -0.07 
APP: 2025/05/19 23:22:02 L: 135   DEALS: 14    BALANCE: 9227.16    PROFIT: -0.08 
APP: 2025/05/19 23:22:03 L: 140   DEALS: 12    BALANCE: 9204.99    PROFIT: -0.08 
APP: 2025/05/19 23:22:04 L: 145   DEALS: 10    BALANCE: 9367.22    PROFIT: -0.06 
APP: 2025/05/19 23:22:04 L: 150   DEALS: 10    BALANCE: 9378.41    PROFIT: -0.06 
APP: 2025/05/19 23:22:05 L: 155   DEALS: 10    BALANCE: 9378.41    PROFIT: -0.06 
APP: 2025/05/19 23:22:05 L: 160   DEALS: 10    BALANCE: 9440.15    PROFIT: -0.06 
APP: 2025/05/19 23:22:06 L: 165   DEALS: 8     BALANCE: 9539.90    PROFIT: -0.05 
APP: 2025/05/19 23:22:07 L: 170   DEALS: 8     BALANCE: 9539.90    PROFIT: -0.05 
APP: 2025/05/19 23:22:07 L: 175   DEALS: 8     BALANCE: 9474.88    PROFIT: -0.05 
APP: 2025/05/19 23:22:08 L: 180   DEALS: 10    BALANCE: 9448.39    PROFIT: -0.06 
APP: 2025/05/19 23:22:09 L: 185   DEALS: 6     BALANCE: 9625.60    PROFIT: -0.04 
APP: 2025/05/19 23:22:09 L: 190   DEALS: 6     BALANCE: 9546.68    PROFIT: -0.05 
APP: 2025/05/19 23:22:10 L: 195   DEALS: 8     BALANCE: 9484.18    PROFIT: -0.05 
APP: 2025/05/19 23:22:11 L: 200   DEALS: 8     BALANCE: 9484.18    PROFIT: -0.05 
APP: 2025/05/19 23:22:11 Interval: 168h0m0s
APP: 2025/05/19 23:22:11 L: 5     DEALS: 11    BALANCE: 9991.47    PROFIT: -0.00 
APP: 2025/05/19 23:22:12 L: 10    DEALS: 5     BALANCE: 10813.68   PROFIT: 0.08  
APP: 2025/05/19 23:22:12 L: 15    DEALS: 7     BALANCE: 9659.35    PROFIT: -0.03 
APP: 2025/05/19 23:22:12 L: 20    DEALS: 11    BALANCE: 9227.92    PROFIT: -0.08 
APP: 2025/05/19 23:22:13 L: 25    DEALS: 4     BALANCE: 9403.25    PROFIT: -0.06 
APP: 2025/05/19 23:22:13 L: 30    DEALS: 3     BALANCE: 9834.81    PROFIT: -0.02 
APP: 2025/05/19 23:22:13 L: 35    DEALS: 2     BALANCE: 9834.81    PROFIT: -0.02 
APP: 2025/05/19 23:22:14 L: 40    DEALS: 2     BALANCE: 9834.81    PROFIT: -0.02 
APP: 2025/05/19 23:22:14 L: 45    DEALS: 4     BALANCE: 9810.39    PROFIT: -0.02 
APP: 2025/05/19 23:22:14 L: 50    DEALS: 2     BALANCE: 9834.81    PROFIT: -0.02 
APP: 2025/05/19 23:22:15 L: 55    DEALS: 2     BALANCE: 9834.81    PROFIT: -0.02 
APP: 2025/05/19 23:22:15 L: 60    DEALS: 2     BALANCE: 9834.81    PROFIT: -0.02 
APP: 2025/05/19 23:22:16 L: 65    DEALS: 4     BALANCE: 9760.57    PROFIT: -0.02 
APP: 2025/05/19 23:22:16 L: 70    DEALS: 4     BALANCE: 9593.24    PROFIT: -0.04 
APP: 2025/05/19 23:22:17 L: 75    DEALS: 4     BALANCE: 10117.42   PROFIT: 0.01  
APP: 2025/05/19 23:22:17 L: 80    DEALS: 4     BALANCE: 9866.50    PROFIT: -0.01 
APP: 2025/05/19 23:22:18 Too short history for L: 85
APP: 2025/05/19 23:22:18 Too short history for L: 90
APP: 2025/05/19 23:22:19 Too short history for L: 95
APP: 2025/05/19 23:22:19 Too short history for L: 100
APP: 2025/05/19 23:22:20 Too short history for L: 105
APP: 2025/05/19 23:22:20 Too short history for L: 110
APP: 2025/05/19 23:22:21 Too short history for L: 115
APP: 2025/05/19 23:22:22 Too short history for L: 120
APP: 2025/05/19 23:22:22 Too short history for L: 125
APP: 2025/05/19 23:22:23 Too short history for L: 130
APP: 2025/05/19 23:22:23 Too short history for L: 135
APP: 2025/05/19 23:22:24 Too short history for L: 140
APP: 2025/05/19 23:22:25 Too short history for L: 145
APP: 2025/05/19 23:22:25 Too short history for L: 150
APP: 2025/05/19 23:22:26 Too short history for L: 155
APP: 2025/05/19 23:22:26 Too short history for L: 160
APP: 2025/05/19 23:22:27 Too short history for L: 165
APP: 2025/05/19 23:22:28 Too short history for L: 170
APP: 2025/05/19 23:22:29 Too short history for L: 175
APP: 2025/05/19 23:22:29 Too short history for L: 180
APP: 2025/05/19 23:22:30 Too short history for L: 185
APP: 2025/05/19 23:22:31 Too short history for L: 190
APP: 2025/05/19 23:22:32 Too short history for L: 195
APP: 2025/05/19 23:22:32 Too short history for L: 200
