APP: 2025/05/26 23:40:22 Interval: 1h0m0s
APP: 2025/05/26 23:40:43 L1: 20    L2: 30    DEALS: 207   BALANCE: 9738.05    PROFIT: -2.62%
APP: 2025/05/26 23:41:05 L1: 20    L2: 40    DEALS: 139   BALANCE: 10899.52   PROFIT: 9.00%
APP: 2025/05/26 23:41:26 L1: 30    L2: 45    DEALS: 124   BALANCE: 10619.54   PROFIT: 6.20%
APP: 2025/05/26 23:41:48 L1: 30    L2: 60    DEALS: 92    BALANCE: 10426.22   PROFIT: 4.26%
APP: 2025/05/26 23:42:09 L1: 40    L2: 60    DEALS: 93    BALANCE: 9958.54    PROFIT: -0.41%
APP: 2025/05/26 23:42:29 L1: 40    L2: 80    DEALS: 69    BALANCE: 10027.22   PROFIT: 0.27%
APP: 2025/05/26 23:42:49 L1: 50    L2: 75    DEALS: 79    BALANCE: 9944.89    PROFIT: -0.55%
APP: 2025/05/26 23:43:10 L1: 50    L2: 100   DEALS: 47    BALANCE: 10159.80   PROFIT: 1.60%
APP: 2025/05/26 23:43:31 L1: 60    L2: 90    DEALS: 67    BALANCE: 10518.58   PROFIT: 5.19%
APP: 2025/05/26 23:43:52 L1: 60    L2: 120   DEALS: 44    BALANCE: 10502.84   PROFIT: 5.03%
APP: 2025/05/26 23:44:13 L1: 70    L2: 105   DEALS: 50    BALANCE: 9978.63    PROFIT: -0.21%
APP: 2025/05/26 23:44:33 L1: 70    L2: 140   DEALS: 42    BALANCE: 10056.39   PROFIT: 0.56%
APP: 2025/05/26 23:44:54 L1: 80    L2: 120   DEALS: 50    BALANCE: 9967.39    PROFIT: -0.33%
APP: 2025/05/26 23:45:15 L1: 80    L2: 160   DEALS: 30    BALANCE: 9563.62    PROFIT: -4.36%
APP: 2025/05/26 23:45:37 L1: 90    L2: 135   DEALS: 40    BALANCE: 9734.66    PROFIT: -2.65%
APP: 2025/05/26 23:45:59 L1: 90    L2: 180   DEALS: 28    BALANCE: 9434.69    PROFIT: -5.65%
APP: 2025/05/26 23:46:20 L1: 100   L2: 150   DEALS: 38    BALANCE: 9392.90    PROFIT: -6.07%
APP: 2025/05/26 23:46:43 L1: 100   L2: 200   DEALS: 28    BALANCE: 8853.01    PROFIT: -11.47%
APP: 2025/05/26 23:46:43 Interval: 24h0m0s
APP: 2025/05/26 23:46:44 L1: 20    L2: 30    DEALS: 5     BALANCE: 10678.53   PROFIT: 6.79%
APP: 2025/05/26 23:46:45 L1: 20    L2: 40    DEALS: 5     BALANCE: 10495.49   PROFIT: 4.95%
APP: 2025/05/26 23:46:46 L1: 30    L2: 45    DEALS: 7     BALANCE: 9791.99    PROFIT: -2.08%
APP: 2025/05/26 23:46:47 L1: 30    L2: 60    DEALS: 5     BALANCE: 9811.08    PROFIT: -1.89%
APP: 2025/05/26 23:46:48 L1: 40    L2: 60    DEALS: 3     BALANCE: 9857.80    PROFIT: -1.42%
APP: 2025/05/26 23:46:49 L1: 40    L2: 80    DEALS: 2     BALANCE: 9525.44    PROFIT: -4.75%
APP: 2025/05/26 23:46:50 L1: 50    L2: 75    DEALS: 4     BALANCE: 9865.00    PROFIT: -1.35%
APP: 2025/05/26 23:46:51 L1: 50    L2: 100   DEALS: 2     BALANCE: 9738.56    PROFIT: -2.61%
APP: 2025/05/26 23:46:52 L1: 60    L2: 90    DEALS: 2     BALANCE: 9372.01    PROFIT: -6.28%
APP: 2025/05/26 23:46:53 L1: 60    L2: 120   DEALS: 2     BALANCE: 9498.15    PROFIT: -5.02%
APP: 2025/05/26 23:46:54 L1: 70    L2: 105   DEALS: 2     BALANCE: 9265.76    PROFIT: -7.34%
APP: 2025/05/26 23:46:55 Too short history for L1: 70 L2: 140
APP: 2025/05/26 23:46:57 L1: 80    L2: 120   DEALS: 2     BALANCE: 8655.99    PROFIT: -13.44%
APP: 2025/05/26 23:46:58 Too short history for L1: 80 L2: 160
APP: 2025/05/26 23:46:58 L1: 90    L2: 135   DEALS: 2     BALANCE: 8500.63    PROFIT: -14.99%
APP: 2025/05/26 23:47:00 Too short history for L1: 90 L2: 180
APP: 2025/05/26 23:47:01 Too short history for L1: 100 L2: 150
APP: 2025/05/26 23:47:02 Too short history for L1: 100 L2: 200
APP: 2025/05/26 23:47:02 Interval: 168h0m0s
APP: 2025/05/26 23:47:02 Too short history for L1: 20 L2: 30
APP: 2025/05/26 23:47:03 Too short history for L1: 20 L2: 40
APP: 2025/05/26 23:47:03 Too short history for L1: 30 L2: 45
APP: 2025/05/26 23:47:04 Too short history for L1: 30 L2: 60
APP: 2025/05/26 23:47:05 Too short history for L1: 40 L2: 60
APP: 2025/05/26 23:47:06 Too short history for L1: 40 L2: 80
APP: 2025/05/26 23:47:06 Too short history for L1: 50 L2: 75
APP: 2025/05/26 23:47:07 Too short history for L1: 50 L2: 100
APP: 2025/05/26 23:47:08 Too short history for L1: 60 L2: 90
APP: 2025/05/26 23:47:09 Too short history for L1: 60 L2: 120
APP: 2025/05/26 23:47:10 Too short history for L1: 70 L2: 105
APP: 2025/05/26 23:47:11 Too short history for L1: 70 L2: 140
APP: 2025/05/26 23:47:12 Too short history for L1: 80 L2: 120
APP: 2025/05/26 23:47:13 Too short history for L1: 80 L2: 160
APP: 2025/05/26 23:47:15 Too short history for L1: 90 L2: 135
APP: 2025/05/26 23:47:16 Too short history for L1: 90 L2: 180
APP: 2025/05/26 23:47:17 Too short history for L1: 100 L2: 150
APP: 2025/05/26 23:47:18 Too short history for L1: 100 L2: 200
