APP: 2025/05/26 23:14:56 Interval: 1h0m0s
APP: 2025/05/26 23:15:18 L1: 20    L2: 30    DEALS: 207   BALANCE: 10844.00   PROFIT: 8.44%
APP: 2025/05/26 23:15:41 L1: 20    L2: 40    DEALS: 134   BALANCE: 12448.41   PROFIT: 24.48%
APP: 2025/05/26 23:16:03 L1: 30    L2: 45    DEALS: 118   BALANCE: 11341.27   PROFIT: 13.41%
APP: 2025/05/26 23:16:26 L1: 30    L2: 60    DEALS: 77    BALANCE: 10777.86   PROFIT: 7.78%
APP: 2025/05/26 23:16:48 L1: 40    L2: 60    DEALS: 79    BALANCE: 11798.21   PROFIT: 17.98%
APP: 2025/05/26 23:17:11 L1: 40    L2: 80    DEALS: 60    BALANCE: 10391.06   PROFIT: 3.91%
APP: 2025/05/26 23:17:34 L1: 50    L2: 75    DEALS: 63    BALANCE: 10211.44   PROFIT: 2.11%
APP: 2025/05/26 23:17:56 L1: 50    L2: 100   DEALS: 53    BALANCE: 10012.36   PROFIT: 0.12%
APP: 2025/05/26 23:18:25 L1: 60    L2: 90    DEALS: 57    BALANCE: 9950.43    PROFIT: -0.50%
APP: 2025/05/26 23:18:48 L1: 60    L2: 120   DEALS: 44    BALANCE: 9605.76    PROFIT: -3.94%
APP: 2025/05/26 23:19:11 L1: 70    L2: 105   DEALS: 51    BALANCE: 9430.75    PROFIT: -5.69%
APP: 2025/05/26 23:19:34 L1: 70    L2: 140   DEALS: 36    BALANCE: 10285.52   PROFIT: 2.86%
APP: 2025/05/26 23:19:56 L1: 80    L2: 120   DEALS: 51    BALANCE: 9683.55    PROFIT: -3.16%
APP: 2025/05/26 23:20:21 L1: 80    L2: 160   DEALS: 30    BALANCE: 10595.26   PROFIT: 5.95%
APP: 2025/05/26 23:20:45 L1: 90    L2: 135   DEALS: 42    BALANCE: 10288.96   PROFIT: 2.89%
APP: 2025/05/26 23:21:09 L1: 90    L2: 180   DEALS: 28    BALANCE: 10920.51   PROFIT: 9.21%
APP: 2025/05/26 23:21:36 L1: 100   L2: 150   DEALS: 31    BALANCE: 11238.96   PROFIT: 12.39%
APP: 2025/05/26 23:22:06 L1: 100   L2: 200   DEALS: 23    BALANCE: 10314.20   PROFIT: 3.14%
APP: 2025/05/26 23:22:06 Interval: 24h0m0s
APP: 2025/05/26 23:22:08 L1: 20    L2: 30    DEALS: 7     BALANCE: 9353.54    PROFIT: -6.46%
APP: 2025/05/26 23:22:10 L1: 20    L2: 40    DEALS: 5     BALANCE: 9610.82    PROFIT: -3.89%
APP: 2025/05/26 23:22:12 L1: 30    L2: 45    DEALS: 3     BALANCE: 10694.73   PROFIT: 6.95%
APP: 2025/05/26 23:22:13 Too short history for L1: 30 L2: 60
APP: 2025/05/26 23:22:15 L1: 40    L2: 60    DEALS: 2     BALANCE: 10008.88   PROFIT: 0.09%
APP: 2025/05/26 23:22:18 L1: 40    L2: 80    DEALS: 2     BALANCE: 10296.36   PROFIT: 2.96%
APP: 2025/05/26 23:22:20 L1: 50    L2: 75    DEALS: 2     BALANCE: 9896.94    PROFIT: -1.03%
APP: 2025/05/26 23:22:21 Too short history for L1: 50 L2: 100
APP: 2025/05/26 23:22:23 L1: 60    L2: 90    DEALS: 2     BALANCE: 9432.44    PROFIT: -5.68%
APP: 2025/05/26 23:22:25 Too short history for L1: 60 L2: 120
APP: 2025/05/26 23:22:26 Too short history for L1: 70 L2: 105
APP: 2025/05/26 23:22:28 Too short history for L1: 70 L2: 140
APP: 2025/05/26 23:22:29 Too short history for L1: 80 L2: 120
APP: 2025/05/26 23:22:31 Too short history for L1: 80 L2: 160
APP: 2025/05/26 23:22:32 Too short history for L1: 90 L2: 135
APP: 2025/05/26 23:22:33 Too short history for L1: 90 L2: 180
APP: 2025/05/26 23:22:35 Too short history for L1: 100 L2: 150
APP: 2025/05/26 23:22:37 Too short history for L1: 100 L2: 200
APP: 2025/05/26 23:22:37 Interval: 168h0m0s
APP: 2025/05/26 23:22:38 Too short history for L1: 20 L2: 30
APP: 2025/05/26 23:22:40 Too short history for L1: 20 L2: 40
APP: 2025/05/26 23:22:41 Too short history for L1: 30 L2: 45
APP: 2025/05/26 23:22:42 Too short history for L1: 30 L2: 60
APP: 2025/05/26 23:22:43 Too short history for L1: 40 L2: 60
APP: 2025/05/26 23:22:44 Too short history for L1: 40 L2: 80
APP: 2025/05/26 23:22:45 Too short history for L1: 50 L2: 75
APP: 2025/05/26 23:22:46 Too short history for L1: 50 L2: 100
APP: 2025/05/26 23:22:48 Too short history for L1: 60 L2: 90
APP: 2025/05/26 23:22:50 Too short history for L1: 60 L2: 120
APP: 2025/05/26 23:22:54 Too short history for L1: 70 L2: 105
APP: 2025/05/26 23:22:56 Too short history for L1: 70 L2: 140
APP: 2025/05/26 23:22:57 Too short history for L1: 80 L2: 120
APP: 2025/05/26 23:22:58 Too short history for L1: 80 L2: 160
APP: 2025/05/26 23:22:59 Too short history for L1: 90 L2: 135
APP: 2025/05/26 23:23:01 Too short history for L1: 90 L2: 180
APP: 2025/05/26 23:23:03 Too short history for L1: 100 L2: 150
APP: 2025/05/26 23:23:04 Too short history for L1: 100 L2: 200
