APP: 2025/05/26 23:24:18 Interval: 1h0m0s
APP: 2025/05/26 23:24:49 L1: 20    L2: 30    DEALS: 163   BALANCE: 12976.62   PROFIT: 29.77%
APP: 2025/05/26 23:25:26 L1: 20    L2: 40    DEALS: 123   BALANCE: 13014.28   PROFIT: 30.14%
APP: 2025/05/26 23:25:57 L1: 30    L2: 45    DEALS: 112   BALANCE: 12990.64   PROFIT: 29.91%
APP: 2025/05/26 23:26:20 L1: 30    L2: 60    DEALS: 88    BALANCE: 11480.37   PROFIT: 14.80%
APP: 2025/05/26 23:26:42 L1: 40    L2: 60    DEALS: 99    BALANCE: 10149.26   PROFIT: 1.49%
APP: 2025/05/26 23:27:04 L1: 40    L2: 80    DEALS: 65    BALANCE: 11844.70   PROFIT: 18.45%
APP: 2025/05/26 23:27:25 L1: 50    L2: 75    DEALS: 72    BALANCE: 11792.06   PROFIT: 17.92%
APP: 2025/05/26 23:27:48 L1: 50    L2: 100   DEALS: 46    BALANCE: 13709.03   PROFIT: 37.09%
APP: 2025/05/26 23:28:09 L1: 60    L2: 90    DEALS: 58    BALANCE: 14119.74   PROFIT: 41.20%
APP: 2025/05/26 23:28:31 L1: 60    L2: 120   DEALS: 32    BALANCE: 12723.58   PROFIT: 27.24%
APP: 2025/05/26 23:28:52 L1: 70    L2: 105   DEALS: 44    BALANCE: 13206.30   PROFIT: 32.06%
APP: 2025/05/26 23:29:14 L1: 70    L2: 140   DEALS: 30    BALANCE: 12867.03   PROFIT: 28.67%
APP: 2025/05/26 23:29:38 L1: 80    L2: 120   DEALS: 38    BALANCE: 11775.27   PROFIT: 17.75%
APP: 2025/05/26 23:30:01 L1: 80    L2: 160   DEALS: 26    BALANCE: 12267.35   PROFIT: 22.67%
APP: 2025/05/26 23:30:24 L1: 90    L2: 135   DEALS: 40    BALANCE: 11825.28   PROFIT: 18.25%
APP: 2025/05/26 23:30:46 L1: 90    L2: 180   DEALS: 24    BALANCE: 11664.78   PROFIT: 16.65%
APP: 2025/05/26 23:31:09 L1: 100   L2: 150   DEALS: 29    BALANCE: 11616.57   PROFIT: 16.17%
APP: 2025/05/26 23:31:33 L1: 100   L2: 200   DEALS: 27    BALANCE: 696.14     PROFIT: -93.04%
APP: 2025/05/26 23:31:33 Interval: 24h0m0s
APP: 2025/05/26 23:31:34 L1: 20    L2: 30    DEALS: 5     BALANCE: 14137.04   PROFIT: 41.37%
APP: 2025/05/26 23:31:35 L1: 20    L2: 40    DEALS: 4     BALANCE: 13845.51   PROFIT: 38.46%
APP: 2025/05/26 23:31:36 L1: 30    L2: 45    DEALS: 3     BALANCE: 13247.99   PROFIT: 32.48%
APP: 2025/05/26 23:31:37 L1: 30    L2: 60    DEALS: 3     BALANCE: 12359.65   PROFIT: 23.60%
APP: 2025/05/26 23:31:38 L1: 40    L2: 60    DEALS: 3     BALANCE: 12400.30   PROFIT: 24.00%
APP: 2025/05/26 23:31:39 L1: 40    L2: 80    DEALS: 3     BALANCE: 12148.18   PROFIT: 21.48%
APP: 2025/05/26 23:31:40 L1: 50    L2: 75    DEALS: 4     BALANCE: 10170.50   PROFIT: 1.71%
APP: 2025/05/26 23:31:41 Too short history for L1: 50 L2: 100
APP: 2025/05/26 23:31:42 L1: 60    L2: 90    DEALS: 4     BALANCE: 13231.29   PROFIT: 32.31%
APP: 2025/05/26 23:31:43 Too short history for L1: 60 L2: 120
APP: 2025/05/26 23:31:44 Too short history for L1: 70 L2: 105
APP: 2025/05/26 23:31:45 Too short history for L1: 70 L2: 140
APP: 2025/05/26 23:31:47 Too short history for L1: 80 L2: 120
APP: 2025/05/26 23:31:48 Too short history for L1: 80 L2: 160
APP: 2025/05/26 23:31:49 Too short history for L1: 90 L2: 135
APP: 2025/05/26 23:31:50 Too short history for L1: 90 L2: 180
APP: 2025/05/26 23:31:51 Too short history for L1: 100 L2: 150
APP: 2025/05/26 23:31:52 Too short history for L1: 100 L2: 200
APP: 2025/05/26 23:31:52 Interval: 168h0m0s
APP: 2025/05/26 23:31:53 Too short history for L1: 20 L2: 30
APP: 2025/05/26 23:31:54 Too short history for L1: 20 L2: 40
APP: 2025/05/26 23:31:54 Too short history for L1: 30 L2: 45
APP: 2025/05/26 23:31:55 Too short history for L1: 30 L2: 60
APP: 2025/05/26 23:31:56 Too short history for L1: 40 L2: 60
APP: 2025/05/26 23:31:57 Too short history for L1: 40 L2: 80
APP: 2025/05/26 23:31:57 Too short history for L1: 50 L2: 75
APP: 2025/05/26 23:31:58 Too short history for L1: 50 L2: 100
APP: 2025/05/26 23:31:59 Too short history for L1: 60 L2: 90
APP: 2025/05/26 23:32:00 Too short history for L1: 60 L2: 120
APP: 2025/05/26 23:32:01 Too short history for L1: 70 L2: 105
APP: 2025/05/26 23:32:02 Too short history for L1: 70 L2: 140
APP: 2025/05/26 23:32:03 Too short history for L1: 80 L2: 120
APP: 2025/05/26 23:32:04 Too short history for L1: 80 L2: 160
APP: 2025/05/26 23:32:06 Too short history for L1: 90 L2: 135
APP: 2025/05/26 23:32:07 Too short history for L1: 90 L2: 180
APP: 2025/05/26 23:32:08 Too short history for L1: 100 L2: 150
APP: 2025/05/26 23:32:09 Too short history for L1: 100 L2: 200
