Яндекс
APP: 2025/05/19 20:54:40 Interval: 30m0s
APP: 2025/05/19 20:55:31 L: 5     DEALS: 1733  BALANCE: 3200.96    PROFIT: -0.68 
APP: 2025/05/19 20:56:32 L: 10    DEALS: 1135  BALANCE: 5164.97    PROFIT: -0.48 
APP: 2025/05/19 20:57:38 L: 15    DEALS: 877   BALANCE: 6473.41    PROFIT: -0.35 
APP: 2025/05/19 20:58:44 L: 20    DEALS: 712   BALANCE: 7072.11    PROFIT: -0.29 
APP: 2025/05/19 20:59:45 L: 25    DEALS: 577   BALANCE: 8675.52    PROFIT: -0.13 
APP: 2025/05/19 21:00:43 L: 30    DEALS: 492   BALANCE: 9806.91    PROFIT: -0.02 
APP: 2025/05/19 21:01:41 L: 35    DEALS: 488   BALANCE: 9273.83    PROFIT: -0.07 
APP: 2025/05/19 21:02:44 L: 40    DEALS: 460   BALANCE: 9418.89    PROFIT: -0.06 
APP: 2025/05/19 21:04:03 L: 45    DEALS: 444   BALANCE: 9138.07    PROFIT: -0.09 
APP: 2025/05/19 21:05:03 L: 50    DEALS: 433   BALANCE: 9699.29    PROFIT: -0.03 
APP: 2025/05/19 21:06:21 L: 55    DEALS: 395   BALANCE: 10333.23   PROFIT: 0.03  
APP: 2025/05/19 21:07:14 L: 60    DEALS: 389   BALANCE: 9837.83    PROFIT: -0.02 
APP: 2025/05/19 21:08:19 L: 65    DEALS: 370   BALANCE: 9985.99    PROFIT: -0.00 
APP: 2025/05/19 21:09:26 L: 70    DEALS: 348   BALANCE: 9724.06    PROFIT: -0.03 
APP: 2025/05/19 21:10:22 L: 75    DEALS: 335   BALANCE: 9640.40    PROFIT: -0.04 
APP: 2025/05/19 21:11:17 L: 80    DEALS: 321   BALANCE: 10375.29   PROFIT: 0.04  
APP: 2025/05/19 21:12:04 L: 85    DEALS: 289   BALANCE: 11255.56   PROFIT: 0.13  
APP: 2025/05/19 21:12:54 L: 90    DEALS: 302   BALANCE: 10362.64   PROFIT: 0.04  
APP: 2025/05/19 21:13:43 L: 95    DEALS: 287   BALANCE: 11144.40   PROFIT: 0.11  
APP: 2025/05/19 21:14:36 L: 100   DEALS: 266   BALANCE: 10051.75   PROFIT: 0.01  
APP: 2025/05/19 21:15:33 L: 105   DEALS: 247   BALANCE: 10376.55   PROFIT: 0.04  
APP: 2025/05/19 21:16:26 L: 110   DEALS: 239   BALANCE: 10347.29   PROFIT: 0.03  
APP: 2025/05/19 21:17:17 L: 115   DEALS: 257   BALANCE: 10127.95   PROFIT: 0.01  
APP: 2025/05/19 21:18:19 L: 120   DEALS: 248   BALANCE: 10060.10   PROFIT: 0.01  
APP: 2025/05/19 21:19:16 L: 125   DEALS: 246   BALANCE: 9850.75    PROFIT: -0.01 
APP: 2025/05/19 21:20:16 L: 130   DEALS: 229   BALANCE: 10146.37   PROFIT: 0.01  
APP: 2025/05/19 21:21:18 L: 135   DEALS: 220   BALANCE: 10258.83   PROFIT: 0.03  
APP: 2025/05/19 21:22:38 L: 140   DEALS: 198   BALANCE: 10772.58   PROFIT: 0.08  
APP: 2025/05/19 21:23:53 L: 145   DEALS: 201   BALANCE: 10925.24   PROFIT: 0.09  
APP: 2025/05/19 21:25:08 L: 150   DEALS: 210   BALANCE: 10109.37   PROFIT: 0.01  
APP: 2025/05/19 21:26:14 L: 155   DEALS: 203   BALANCE: 10025.10   PROFIT: 0.00  
APP: 2025/05/19 21:27:22 L: 160   DEALS: 208   BALANCE: 9774.13    PROFIT: -0.02 
APP: 2025/05/19 21:28:26 L: 165   DEALS: 206   BALANCE: 9967.21    PROFIT: -0.00 
APP: 2025/05/19 21:29:27 L: 170   DEALS: 192   BALANCE: 10545.10   PROFIT: 0.05  
APP: 2025/05/19 21:30:32 L: 175   DEALS: 205   BALANCE: 9846.23    PROFIT: -0.02 
APP: 2025/05/19 21:31:33 L: 180   DEALS: 194   BALANCE: 9783.05    PROFIT: -0.02 
APP: 2025/05/19 21:32:43 L: 185   DEALS: 199   BALANCE: 9757.09    PROFIT: -0.02 
APP: 2025/05/19 21:33:43 L: 190   DEALS: 192   BALANCE: 10042.01   PROFIT: 0.00  
APP: 2025/05/19 21:35:06 L: 195   DEALS: 197   BALANCE: 10195.43   PROFIT: 0.02  
APP: 2025/05/19 21:36:14 L: 200   DEALS: 169   BALANCE: 10457.20   PROFIT: 0.05  
APP: 2025/05/19 21:36:14 Interval: 1h0m0s
APP: 2025/05/19 21:36:33 L: 5     DEALS: 869   BALANCE: 6042.57    PROFIT: -0.40 
APP: 2025/05/19 21:36:53 L: 10    DEALS: 529   BALANCE: 8531.21    PROFIT: -0.15 
APP: 2025/05/19 21:37:12 L: 15    DEALS: 377   BALANCE: 11477.00   PROFIT: 0.15  
APP: 2025/05/19 21:37:54 L: 20    DEALS: 331   BALANCE: 10459.11   PROFIT: 0.05  
APP: 2025/05/19 21:38:16 L: 25    DEALS: 317   BALANCE: 11118.06   PROFIT: 0.11  
APP: 2025/05/19 21:38:38 L: 30    DEALS: 295   BALANCE: 10204.32   PROFIT: 0.02  
APP: 2025/05/19 21:38:58 L: 35    DEALS: 263   BALANCE: 10369.34   PROFIT: 0.04  
APP: 2025/05/19 21:39:17 L: 40    DEALS: 247   BALANCE: 10501.13   PROFIT: 0.05  
APP: 2025/05/19 21:39:45 L: 45    DEALS: 205   BALANCE: 11880.58   PROFIT: 0.19  
APP: 2025/05/19 21:40:21 L: 50    DEALS: 185   BALANCE: 11358.73   PROFIT: 0.14  
APP: 2025/05/19 21:40:44 L: 55    DEALS: 176   BALANCE: 11261.93   PROFIT: 0.13  
APP: 2025/05/19 21:41:08 L: 60    DEALS: 168   BALANCE: 11303.66   PROFIT: 0.13  
APP: 2025/05/19 21:41:32 L: 65    DEALS: 156   BALANCE: 11286.81   PROFIT: 0.13  
APP: 2025/05/19 21:42:01 L: 70    DEALS: 138   BALANCE: 11641.81   PROFIT: 0.16  
APP: 2025/05/19 21:42:25 L: 75    DEALS: 133   BALANCE: 11448.76   PROFIT: 0.14  
APP: 2025/05/19 21:43:03 L: 80    DEALS: 148   BALANCE: 10968.67   PROFIT: 0.10  
APP: 2025/05/19 21:43:26 L: 85    DEALS: 148   BALANCE: 10764.50   PROFIT: 0.08  
APP: 2025/05/19 21:43:46 L: 90    DEALS: 152   BALANCE: 10104.21   PROFIT: 0.01  
APP: 2025/05/19 21:44:10 L: 95    DEALS: 152   BALANCE: 10119.04   PROFIT: 0.01  
APP: 2025/05/19 21:44:38 L: 100   DEALS: 133   BALANCE: 10450.44   PROFIT: 0.05  
APP: 2025/05/19 21:45:01 L: 105   DEALS: 129   BALANCE: 10610.23   PROFIT: 0.06  
APP: 2025/05/19 21:45:18 L: 110   DEALS: 121   BALANCE: 11058.03   PROFIT: 0.11  
APP: 2025/05/19 21:45:33 L: 115   DEALS: 119   BALANCE: 10883.92   PROFIT: 0.09  
APP: 2025/05/19 21:46:02 L: 120   DEALS: 110   BALANCE: 10553.42   PROFIT: 0.06  
APP: 2025/05/19 21:46:23 L: 125   DEALS: 108   BALANCE: 10631.56   PROFIT: 0.06  
APP: 2025/05/19 21:46:49 L: 130   DEALS: 120   BALANCE: 10525.08   PROFIT: 0.05  
APP: 2025/05/19 21:47:17 L: 135   DEALS: 125   BALANCE: 10425.83   PROFIT: 0.04  
APP: 2025/05/19 21:47:43 L: 140   DEALS: 123   BALANCE: 10333.14   PROFIT: 0.03  
APP: 2025/05/19 21:48:00 L: 145   DEALS: 114   BALANCE: 10317.39   PROFIT: 0.03  
APP: 2025/05/19 21:48:24 L: 150   DEALS: 120   BALANCE: 9892.04    PROFIT: -0.01 
APP: 2025/05/19 21:49:00 L: 155   DEALS: 129   BALANCE: 9857.58    PROFIT: -0.01 
APP: 2025/05/19 21:49:22 L: 160   DEALS: 151   BALANCE: 9657.62    PROFIT: -0.03 
APP: 2025/05/19 21:49:44 L: 165   DEALS: 143   BALANCE: 9752.81    PROFIT: -0.02 
APP: 2025/05/19 21:50:32 L: 170   DEALS: 130   BALANCE: 9639.65    PROFIT: -0.04 
APP: 2025/05/19 21:51:13 L: 175   DEALS: 149   BALANCE: 9095.53    PROFIT: -0.09 
APP: 2025/05/19 21:51:32 L: 180   DEALS: 149   BALANCE: 9175.27    PROFIT: -0.08 
APP: 2025/05/19 21:51:58 L: 185   DEALS: 147   BALANCE: 9703.79    PROFIT: -0.03 
APP: 2025/05/19 21:52:21 L: 190   DEALS: 140   BALANCE: 9821.68    PROFIT: -0.02 
APP: 2025/05/19 21:52:48 L: 195   DEALS: 128   BALANCE: 9820.55    PROFIT: -0.02 
APP: 2025/05/19 21:53:10 L: 200   DEALS: 119   BALANCE: 9962.70    PROFIT: -0.00 
APP: 2025/05/19 21:53:10 Interval: 24h0m0s
APP: 2025/05/19 21:53:13 L: 5     DEALS: 47    BALANCE: 12521.18   PROFIT: 0.25  
APP: 2025/05/19 21:53:15 L: 10    DEALS: 43    BALANCE: 10754.45   PROFIT: 0.08  
APP: 2025/05/19 21:53:18 L: 15    DEALS: 28    BALANCE: 11786.45   PROFIT: 0.18  
APP: 2025/05/19 21:53:20 L: 20    DEALS: 21    BALANCE: 8143.61    PROFIT: -0.19 
APP: 2025/05/19 21:53:25 L: 25    DEALS: 22    BALANCE: 8434.74    PROFIT: -0.16 
APP: 2025/05/19 21:53:26 L: 30    DEALS: 16    BALANCE: 9082.89    PROFIT: -0.09 
APP: 2025/05/19 21:53:28 L: 35    DEALS: 10    BALANCE: 9261.28    PROFIT: -0.07 
APP: 2025/05/19 21:53:33 L: 40    DEALS: 12    BALANCE: 8959.41    PROFIT: -0.10 
APP: 2025/05/19 21:53:35 L: 45    DEALS: 8     BALANCE: 9198.55    PROFIT: -0.08 
APP: 2025/05/19 21:53:36 L: 50    DEALS: 6     BALANCE: 9515.19    PROFIT: -0.05 
APP: 2025/05/19 21:53:37 L: 55    DEALS: 8     BALANCE: 9067.21    PROFIT: -0.09 
APP: 2025/05/19 21:53:38 L: 60    DEALS: 11    BALANCE: 8531.85    PROFIT: -0.15 
APP: 2025/05/19 21:53:40 L: 65    DEALS: 10    BALANCE: 8691.23    PROFIT: -0.13 
APP: 2025/05/19 21:53:41 L: 70    DEALS: 17    BALANCE: 8139.62    PROFIT: -0.19 
APP: 2025/05/19 21:53:42 L: 75    DEALS: 12    BALANCE: 8580.37    PROFIT: -0.14 
APP: 2025/05/19 21:53:43 L: 80    DEALS: 12    BALANCE: 8793.61    PROFIT: -0.12 
APP: 2025/05/19 21:53:44 L: 85    DEALS: 12    BALANCE: 8666.17    PROFIT: -0.13 
APP: 2025/05/19 21:53:45 L: 90    DEALS: 8     BALANCE: 9192.65    PROFIT: -0.08 
APP: 2025/05/19 21:53:46 L: 95    DEALS: 8     BALANCE: 9192.65    PROFIT: -0.08 
APP: 2025/05/19 21:53:47 L: 100   DEALS: 10    BALANCE: 9143.58    PROFIT: -0.09 
APP: 2025/05/19 21:53:48 L: 105   DEALS: 12    BALANCE: 8945.08    PROFIT: -0.11 
APP: 2025/05/19 21:53:49 L: 110   DEALS: 14    BALANCE: 9014.85    PROFIT: -0.10 
APP: 2025/05/19 21:53:49 L: 115   DEALS: 14    BALANCE: 8557.46    PROFIT: -0.14 
APP: 2025/05/19 21:53:50 L: 120   DEALS: 16    BALANCE: 8421.37    PROFIT: -0.16 
APP: 2025/05/19 21:53:51 L: 125   DEALS: 12    BALANCE: 9173.36    PROFIT: -0.08 
APP: 2025/05/19 21:53:52 L: 130   DEALS: 16    BALANCE: 9518.44    PROFIT: -0.05 
APP: 2025/05/19 21:53:53 L: 135   DEALS: 12    BALANCE: 9354.51    PROFIT: -0.06 
APP: 2025/05/19 21:53:53 L: 140   DEALS: 2     BALANCE: 10146.30   PROFIT: 0.01  
APP: 2025/05/19 21:53:54 L: 145   DEALS: 6     BALANCE: 9906.36    PROFIT: -0.01 
APP: 2025/05/19 21:53:55 L: 150   DEALS: 4     BALANCE: 10162.32   PROFIT: 0.02  
APP: 2025/05/19 21:53:56 L: 155   DEALS: 2     BALANCE: 9714.39    PROFIT: -0.03 
APP: 2025/05/19 21:53:57 L: 160   DEALS: 2     BALANCE: 9714.39    PROFIT: -0.03 
APP: 2025/05/19 21:53:57 Too short history for L: 165
APP: 2025/05/19 21:53:59 L: 170   DEALS: 2     BALANCE: 9978.45    PROFIT: -0.00 
APP: 2025/05/19 21:53:59 L: 175   DEALS: 2     BALANCE: 9725.71    PROFIT: -0.03 
APP: 2025/05/19 21:54:00 L: 180   DEALS: 2     BALANCE: 9725.71    PROFIT: -0.03 
APP: 2025/05/19 21:54:01 L: 185   DEALS: 2     BALANCE: 9878.86    PROFIT: -0.01 
APP: 2025/05/19 21:54:02 L: 190   DEALS: 2     BALANCE: 9878.86    PROFIT: -0.01 
APP: 2025/05/19 21:54:03 L: 195   DEALS: 2     BALANCE: 9747.99    PROFIT: -0.03 
APP: 2025/05/19 21:54:04 L: 200   DEALS: 2     BALANCE: 9747.99    PROFIT: -0.03 
APP: 2025/05/19 21:54:04 Interval: 168h0m0s
APP: 2025/05/19 21:54:04 L: 5     DEALS: 6     BALANCE: 9419.43    PROFIT: -0.06 
APP: 2025/05/19 21:54:04 L: 10    DEALS: 4     BALANCE: 9505.92    PROFIT: -0.05 
APP: 2025/05/19 21:54:05 L: 15    DEALS: 4     BALANCE: 9085.93    PROFIT: -0.09 
APP: 2025/05/19 21:54:05 L: 20    DEALS: 2     BALANCE: 9674.91    PROFIT: -0.03 
APP: 2025/05/19 21:54:06 L: 25    DEALS: 4     BALANCE: 9503.65    PROFIT: -0.05 
APP: 2025/05/19 21:54:06 L: 30    DEALS: 2     BALANCE: 9824.50    PROFIT: -0.02 
APP: 2025/05/19 21:54:06 L: 35    DEALS: 2     BALANCE: 9872.40    PROFIT: -0.01 
APP: 2025/05/19 21:54:07 L: 40    DEALS: 4     BALANCE: 9505.20    PROFIT: -0.05 
APP: 2025/05/19 21:54:07 Too short history for L: 45
APP: 2025/05/19 21:54:08 Too short history for L: 50
APP: 2025/05/19 21:54:08 Too short history for L: 55
APP: 2025/05/19 21:54:09 Too short history for L: 60
APP: 2025/05/19 21:54:09 L: 65    DEALS: 2     BALANCE: 9876.61    PROFIT: -0.01 
APP: 2025/05/19 21:54:10 Too short history for L: 70
APP: 2025/05/19 21:54:10 Too short history for L: 75
APP: 2025/05/19 21:54:11 Too short history for L: 80
APP: 2025/05/19 21:54:12 Too short history for L: 85
APP: 2025/05/19 21:54:12 Too short history for L: 90
APP: 2025/05/19 21:54:12 Too short history for L: 95
APP: 2025/05/19 21:54:13 Too short history for L: 100
APP: 2025/05/19 21:54:14 Too short history for L: 105
APP: 2025/05/19 21:54:14 Too short history for L: 110
APP: 2025/05/19 21:54:15 Too short history for L: 115
APP: 2025/05/19 21:54:16 Too short history for L: 120
APP: 2025/05/19 21:54:17 Too short history for L: 125
APP: 2025/05/19 21:54:17 Too short history for L: 130
APP: 2025/05/19 21:54:18 Too short history for L: 135
APP: 2025/05/19 21:54:19 Too short history for L: 140
APP: 2025/05/19 21:54:19 Too short history for L: 145
APP: 2025/05/19 21:54:20 Too short history for L: 150
APP: 2025/05/19 21:54:21 Too short history for L: 155
APP: 2025/05/19 21:54:21 Too short history for L: 160
APP: 2025/05/19 21:54:22 L: 165   DEALS: 3     BALANCE: 9636.68    PROFIT: -0.04 
APP: 2025/05/19 21:54:23 L: 170   DEALS: 3     BALANCE: 9636.68    PROFIT: -0.04 
APP: 2025/05/19 21:54:24 L: 175   DEALS: 3     BALANCE: 9636.68    PROFIT: -0.04 
APP: 2025/05/19 21:54:24 L: 180   DEALS: 3     BALANCE: 9636.68    PROFIT: -0.04 
APP: 2025/05/19 21:54:25 Too short history for L: 185
APP: 2025/05/19 21:54:26 L: 190   DEALS: 3     BALANCE: 9636.68    PROFIT: -0.04 
APP: 2025/05/19 21:54:27 L: 195   DEALS: 7     BALANCE: 9060.57    PROFIT: -0.09 
APP: 2025/05/19 21:54:28 L: 200   DEALS: 5     BALANCE: 9183.96    PROFIT: -0.08 
