СБЕР
APP: 2025/05/18 17:54:11 Interval: 1m0s
APP: 2025/05/18 17:57:10 L: 5     DEALS: 54758 BALANCE: 219.73     PROFIT: -0.98 
APP: 2025/05/18 18:00:21 L: 10    DEALS: 36905 BALANCE: 220.74     PROFIT: -0.98 
APP: 2025/05/18 18:04:05 L: 15    DEALS: 29767 BALANCE: 220.55     PROFIT: -0.98 
APP: 2025/05/18 18:07:42 L: 20    DEALS: 25369 BALANCE: 219.91     PROFIT: -0.98 
APP: 2025/05/18 18:10:50 L: 25    DEALS: 22588 BALANCE: 220.27     PROFIT: -0.98 
APP: 2025/05/18 18:13:45 L: 30    DEALS: 20585 BALANCE: 220.18     PROFIT: -0.98 
APP: 2025/05/18 18:16:09 L: 35    DEALS: 18888 BALANCE: 220.21     PROFIT: -0.98 
APP: 2025/05/18 18:19:03 L: 40    DEALS: 17554 BALANCE: 220.16     PROFIT: -0.98 
APP: 2025/05/18 18:21:34 L: 45    DEALS: 16537 BALANCE: 220.45     PROFIT: -0.98 
APP: 2025/05/18 18:24:18 L: 50    DEALS: 15621 BALANCE: 220.50     PROFIT: -0.98 
APP: 2025/05/18 18:27:02 L: 55    DEALS: 14832 BALANCE: 220.90     PROFIT: -0.98 
APP: 2025/05/18 18:30:02 L: 60    DEALS: 14288 BALANCE: 220.54     PROFIT: -0.98 
APP: 2025/05/18 18:32:43 L: 65    DEALS: 13874 BALANCE: 221.26     PROFIT: -0.98 
APP: 2025/05/18 18:35:21 L: 70    DEALS: 13543 BALANCE: 220.57     PROFIT: -0.98 
APP: 2025/05/18 18:37:54 L: 75    DEALS: 13024 BALANCE: 220.82     PROFIT: -0.98 
APP: 2025/05/18 18:40:30 L: 80    DEALS: 12567 BALANCE: 221.10     PROFIT: -0.98 
APP: 2025/05/18 18:43:21 L: 85    DEALS: 12166 BALANCE: 220.53     PROFIT: -0.98 
APP: 2025/05/18 18:45:57 L: 90    DEALS: 11779 BALANCE: 220.98     PROFIT: -0.98 
APP: 2025/05/18 18:49:12 L: 95    DEALS: 11463 BALANCE: 220.60     PROFIT: -0.98 
APP: 2025/05/18 18:51:45 L: 100   DEALS: 11153 BALANCE: 221.06     PROFIT: -0.98 
APP: 2025/05/18 18:54:22 L: 105   DEALS: 10881 BALANCE: 220.65     PROFIT: -0.98 
APP: 2025/05/18 18:56:59 L: 110   DEALS: 10603 BALANCE: 221.00     PROFIT: -0.98 
APP: 2025/05/18 18:59:32 L: 115   DEALS: 10404 BALANCE: 221.21     PROFIT: -0.98 
APP: 2025/05/18 19:02:06 L: 120   DEALS: 10240 BALANCE: 220.82     PROFIT: -0.98 
APP: 2025/05/18 19:04:33 L: 125   DEALS: 9974  BALANCE: 221.19     PROFIT: -0.98 
APP: 2025/05/18 19:07:01 L: 130   DEALS: 9827  BALANCE: 221.60     PROFIT: -0.98 
APP: 2025/05/18 19:09:16 L: 135   DEALS: 9646  BALANCE: 223.90     PROFIT: -0.98 
APP: 2025/05/18 19:11:21 L: 140   DEALS: 9472  BALANCE: 224.25     PROFIT: -0.98 
APP: 2025/05/18 19:13:25 L: 145   DEALS: 9439  BALANCE: 223.90     PROFIT: -0.98 
APP: 2025/05/18 19:15:33 L: 150   DEALS: 9157  BALANCE: 223.95     PROFIT: -0.98 
APP: 2025/05/18 19:17:34 L: 155   DEALS: 8955  BALANCE: 224.01     PROFIT: -0.98 
APP: 2025/05/18 19:19:37 L: 160   DEALS: 8830  BALANCE: 223.87     PROFIT: -0.98 
APP: 2025/05/18 19:21:40 L: 165   DEALS: 8790  BALANCE: 224.10     PROFIT: -0.98 
APP: 2025/05/18 19:23:47 L: 170   DEALS: 8697  BALANCE: 224.35     PROFIT: -0.98 
APP: 2025/05/18 19:25:49 L: 175   DEALS: 8513  BALANCE: 224.37     PROFIT: -0.98 
APP: 2025/05/18 19:27:55 L: 180   DEALS: 8308  BALANCE: 224.09     PROFIT: -0.98 
APP: 2025/05/18 19:29:56 L: 185   DEALS: 8233  BALANCE: 223.85     PROFIT: -0.98 
APP: 2025/05/18 19:31:57 L: 190   DEALS: 8149  BALANCE: 224.23     PROFIT: -0.98 
APP: 2025/05/18 19:34:03 L: 195   DEALS: 8060  BALANCE: 224.48     PROFIT: -0.98 
APP: 2025/05/18 19:36:06 L: 200   DEALS: 7779  BALANCE: 224.05     PROFIT: -0.98 
APP: 2025/05/18 19:36:06 Interval: 30m0s
APP: 2025/05/18 19:36:51 L: 5     DEALS: 1943  BALANCE: 1684.33    PROFIT: -0.83 
APP: 2025/05/18 19:37:40 L: 10    DEALS: 1273  BALANCE: 2881.72    PROFIT: -0.71 
APP: 2025/05/18 19:38:26 L: 15    DEALS: 946   BALANCE: 4205.82    PROFIT: -0.58 
APP: 2025/05/18 19:39:12 L: 20    DEALS: 795   BALANCE: 4992.10    PROFIT: -0.50 
APP: 2025/05/18 19:40:01 L: 25    DEALS: 740   BALANCE: 6175.89    PROFIT: -0.38 
APP: 2025/05/18 19:40:48 L: 30    DEALS: 676   BALANCE: 6390.07    PROFIT: -0.36 
APP: 2025/05/18 19:41:33 L: 35    DEALS: 616   BALANCE: 6917.76    PROFIT: -0.31 
APP: 2025/05/18 19:42:20 L: 40    DEALS: 553   BALANCE: 7540.01    PROFIT: -0.25 
APP: 2025/05/18 19:43:05 L: 45    DEALS: 493   BALANCE: 8364.13    PROFIT: -0.16 
APP: 2025/05/18 19:43:52 L: 50    DEALS: 471   BALANCE: 8832.44    PROFIT: -0.12 
APP: 2025/05/18 19:44:38 L: 55    DEALS: 435   BALANCE: 8900.55    PROFIT: -0.11 
APP: 2025/05/18 19:45:25 L: 60    DEALS: 428   BALANCE: 8906.56    PROFIT: -0.11 
APP: 2025/05/18 19:46:11 L: 65    DEALS: 378   BALANCE: 9567.77    PROFIT: -0.04 
APP: 2025/05/18 19:47:00 L: 70    DEALS: 376   BALANCE: 9512.83    PROFIT: -0.05 
APP: 2025/05/18 19:47:44 L: 75    DEALS: 317   BALANCE: 10432.28   PROFIT: 0.04  
APP: 2025/05/18 19:48:31 L: 80    DEALS: 313   BALANCE: 10556.95   PROFIT: 0.06  
APP: 2025/05/18 19:49:21 L: 85    DEALS: 290   BALANCE: 10764.74   PROFIT: 0.08  
APP: 2025/05/18 19:50:10 L: 90    DEALS: 278   BALANCE: 9012.28    PROFIT: -0.10 
APP: 2025/05/18 19:50:56 L: 95    DEALS: 251   BALANCE: 9541.61    PROFIT: -0.05 
APP: 2025/05/18 19:51:42 L: 100   DEALS: 261   BALANCE: 9272.39    PROFIT: -0.07 
APP: 2025/05/18 19:52:27 L: 105   DEALS: 276   BALANCE: 8865.08    PROFIT: -0.11 
APP: 2025/05/18 19:53:15 L: 110   DEALS: 273   BALANCE: 8623.72    PROFIT: -0.14 
APP: 2025/05/18 19:54:03 L: 115   DEALS: 269   BALANCE: 8747.32    PROFIT: -0.13 
APP: 2025/05/18 19:54:49 L: 120   DEALS: 263   BALANCE: 8872.08    PROFIT: -0.11 
APP: 2025/05/18 19:55:38 L: 125   DEALS: 269   BALANCE: 8305.28    PROFIT: -0.17 
APP: 2025/05/18 19:56:25 L: 130   DEALS: 271   BALANCE: 8166.66    PROFIT: -0.18 
APP: 2025/05/18 19:57:11 L: 135   DEALS: 269   BALANCE: 8215.59    PROFIT: -0.18 
APP: 2025/05/18 19:57:57 L: 140   DEALS: 249   BALANCE: 8503.92    PROFIT: -0.15 
APP: 2025/05/18 19:58:44 L: 145   DEALS: 231   BALANCE: 8566.78    PROFIT: -0.14 
APP: 2025/05/18 19:59:31 L: 150   DEALS: 219   BALANCE: 8664.81    PROFIT: -0.13 
APP: 2025/05/18 20:00:16 L: 155   DEALS: 218   BALANCE: 8451.82    PROFIT: -0.15 
APP: 2025/05/18 20:01:01 L: 160   DEALS: 203   BALANCE: 8700.01    PROFIT: -0.13 
APP: 2025/05/18 20:01:45 L: 165   DEALS: 204   BALANCE: 8805.68    PROFIT: -0.12 
APP: 2025/05/18 20:02:30 L: 170   DEALS: 189   BALANCE: 9202.13    PROFIT: -0.08 
APP: 2025/05/18 20:03:14 L: 175   DEALS: 173   BALANCE: 9365.26    PROFIT: -0.06 
APP: 2025/05/18 20:03:59 L: 180   DEALS: 179   BALANCE: 9242.42    PROFIT: -0.08 
APP: 2025/05/18 20:04:44 L: 185   DEALS: 170   BALANCE: 9219.15    PROFIT: -0.08 
APP: 2025/05/18 20:05:27 L: 190   DEALS: 175   BALANCE: 9051.00    PROFIT: -0.09 
APP: 2025/05/18 20:06:11 L: 195   DEALS: 179   BALANCE: 8903.22    PROFIT: -0.11 
APP: 2025/05/18 20:06:56 L: 200   DEALS: 175   BALANCE: 8668.46    PROFIT: -0.13 
APP: 2025/05/18 20:06:56 Interval: 1h0m0s
APP: 2025/05/18 20:07:09 L: 5     DEALS: 959   BALANCE: 3960.92    PROFIT: -0.60 
APP: 2025/05/18 20:07:22 L: 10    DEALS: 596   BALANCE: 6033.76    PROFIT: -0.40 
APP: 2025/05/18 20:07:36 L: 15    DEALS: 488   BALANCE: 7990.40    PROFIT: -0.20 
APP: 2025/05/18 20:07:49 L: 20    DEALS: 395   BALANCE: 9248.93    PROFIT: -0.08 
APP: 2025/05/18 20:08:05 L: 25    DEALS: 351   BALANCE: 9876.04    PROFIT: -0.01 
APP: 2025/05/18 20:08:19 L: 30    DEALS: 301   BALANCE: 10546.74   PROFIT: 0.05  
APP: 2025/05/18 20:08:33 L: 35    DEALS: 265   BALANCE: 11107.02   PROFIT: 0.11  
APP: 2025/05/18 20:08:46 L: 40    DEALS: 214   BALANCE: 11797.60   PROFIT: 0.18  
APP: 2025/05/18 20:09:00 L: 45    DEALS: 186   BALANCE: 12451.17   PROFIT: 0.25  
APP: 2025/05/18 20:09:13 L: 50    DEALS: 182   BALANCE: 10082.16   PROFIT: 0.01  
APP: 2025/05/18 20:09:27 L: 55    DEALS: 187   BALANCE: 9874.85    PROFIT: -0.01 
APP: 2025/05/18 20:09:40 L: 60    DEALS: 181   BALANCE: 9996.65    PROFIT: -0.00 
APP: 2025/05/18 20:09:53 L: 65    DEALS: 186   BALANCE: 9360.28    PROFIT: -0.06 
APP: 2025/05/18 20:10:07 L: 70    DEALS: 170   BALANCE: 9349.87    PROFIT: -0.07 
APP: 2025/05/18 20:10:20 L: 75    DEALS: 160   BALANCE: 9405.50    PROFIT: -0.06 
APP: 2025/05/18 20:10:33 L: 80    DEALS: 155   BALANCE: 9316.64    PROFIT: -0.07 
APP: 2025/05/18 20:10:47 L: 85    DEALS: 150   BALANCE: 9460.97    PROFIT: -0.05 
APP: 2025/05/18 20:11:00 L: 90    DEALS: 141   BALANCE: 9521.15    PROFIT: -0.05 
APP: 2025/05/18 20:11:13 L: 95    DEALS: 129   BALANCE: 9575.98    PROFIT: -0.04 
APP: 2025/05/18 20:11:26 L: 100   DEALS: 133   BALANCE: 9299.77    PROFIT: -0.07 
APP: 2025/05/18 20:11:40 L: 105   DEALS: 129   BALANCE: 9327.49    PROFIT: -0.07 
APP: 2025/05/18 20:11:54 L: 110   DEALS: 141   BALANCE: 9008.26    PROFIT: -0.10 
APP: 2025/05/18 20:12:08 L: 115   DEALS: 141   BALANCE: 9069.42    PROFIT: -0.09 
APP: 2025/05/18 20:12:22 L: 120   DEALS: 125   BALANCE: 9175.77    PROFIT: -0.08 
APP: 2025/05/18 20:12:35 L: 125   DEALS: 115   BALANCE: 9412.80    PROFIT: -0.06 
APP: 2025/05/18 20:12:48 L: 130   DEALS: 107   BALANCE: 9588.36    PROFIT: -0.04 
APP: 2025/05/18 20:13:02 L: 135   DEALS: 117   BALANCE: 9104.78    PROFIT: -0.09 
APP: 2025/05/18 20:13:15 L: 140   DEALS: 109   BALANCE: 8966.59    PROFIT: -0.10 
APP: 2025/05/18 20:13:29 L: 145   DEALS: 117   BALANCE: 8803.15    PROFIT: -0.12 
APP: 2025/05/18 20:13:42 L: 150   DEALS: 105   BALANCE: 9099.91    PROFIT: -0.09 
APP: 2025/05/18 20:13:56 L: 155   DEALS: 115   BALANCE: 8824.00    PROFIT: -0.12 
APP: 2025/05/18 20:14:10 L: 160   DEALS: 100   BALANCE: 9040.23    PROFIT: -0.10 
APP: 2025/05/18 20:14:24 L: 165   DEALS: 81    BALANCE: 9355.34    PROFIT: -0.06 
APP: 2025/05/18 20:14:38 L: 170   DEALS: 93    BALANCE: 9225.14    PROFIT: -0.08 
APP: 2025/05/18 20:14:51 L: 175   DEALS: 87    BALANCE: 9360.11    PROFIT: -0.06 
APP: 2025/05/18 20:15:05 L: 180   DEALS: 90    BALANCE: 9208.34    PROFIT: -0.08 
APP: 2025/05/18 20:15:19 L: 185   DEALS: 87    BALANCE: 9253.53    PROFIT: -0.07 
APP: 2025/05/18 20:15:32 L: 190   DEALS: 92    BALANCE: 9036.96    PROFIT: -0.10 
APP: 2025/05/18 20:15:46 L: 195   DEALS: 90    BALANCE: 9235.44    PROFIT: -0.08 
APP: 2025/05/18 20:16:00 L: 200   DEALS: 85    BALANCE: 9335.81    PROFIT: -0.07 
APP: 2025/05/18 20:16:00 Interval: 24h0m0s
APP: 2025/05/18 20:16:00 L: 5     DEALS: 50    BALANCE: 10781.91   PROFIT: 0.08  
APP: 2025/05/18 20:16:01 L: 10    DEALS: 36    BALANCE: 9677.12    PROFIT: -0.03 
APP: 2025/05/18 20:16:01 L: 15    DEALS: 28    BALANCE: 9358.95    PROFIT: -0.06 
APP: 2025/05/18 20:16:02 L: 20    DEALS: 18    BALANCE: 10264.17   PROFIT: 0.03  
APP: 2025/05/18 20:16:03 L: 25    DEALS: 22    BALANCE: 10194.33   PROFIT: 0.02  
APP: 2025/05/18 20:16:03 L: 30    DEALS: 16    BALANCE: 8700.72    PROFIT: -0.13 
APP: 2025/05/18 20:16:04 L: 35    DEALS: 14    BALANCE: 8829.06    PROFIT: -0.12 
APP: 2025/05/18 20:16:05 L: 40    DEALS: 14    BALANCE: 10125.56   PROFIT: 0.01  
APP: 2025/05/18 20:16:05 L: 45    DEALS: 13    BALANCE: 10471.44   PROFIT: 0.05  
APP: 2025/05/18 20:16:06 L: 50    DEALS: 9     BALANCE: 10892.46   PROFIT: 0.09  
APP: 2025/05/18 20:16:06 L: 55    DEALS: 6     BALANCE: 11070.95   PROFIT: 0.11  
APP: 2025/05/18 20:16:07 L: 60    DEALS: 6     BALANCE: 10418.14   PROFIT: 0.04  
APP: 2025/05/18 20:16:08 L: 65    DEALS: 4     BALANCE: 10540.47   PROFIT: 0.05  
APP: 2025/05/18 20:16:08 L: 70    DEALS: 4     BALANCE: 10540.47   PROFIT: 0.05  
APP: 2025/05/18 20:16:09 Too short history for L: 75
APP: 2025/05/18 20:16:09 Too short history for L: 80
APP: 2025/05/18 20:16:10 Too short history for L: 85
APP: 2025/05/18 20:16:11 Too short history for L: 90
APP: 2025/05/18 20:16:11 Too short history for L: 95
APP: 2025/05/18 20:16:12 Too short history for L: 100
APP: 2025/05/18 20:16:13 Too short history for L: 105
APP: 2025/05/18 20:16:13 Too short history for L: 110
APP: 2025/05/18 20:16:14 Too short history for L: 115
APP: 2025/05/18 20:16:14 Too short history for L: 120
APP: 2025/05/18 20:16:18 Too short history for L: 125
APP: 2025/05/18 20:16:19 Too short history for L: 130
APP: 2025/05/18 20:16:20 Too short history for L: 135
APP: 2025/05/18 20:16:20 Too short history for L: 140
APP: 2025/05/18 20:16:21 Too short history for L: 145
APP: 2025/05/18 20:16:22 L: 150   DEALS: 2     BALANCE: 9903.83    PROFIT: -0.01 
APP: 2025/05/18 20:16:22 Too short history for L: 155
APP: 2025/05/18 20:16:23 Too short history for L: 160
APP: 2025/05/18 20:16:23 L: 165   DEALS: 2     BALANCE: 9879.23    PROFIT: -0.01 
APP: 2025/05/18 20:16:24 L: 170   DEALS: 2     BALANCE: 9879.23    PROFIT: -0.01 
APP: 2025/05/18 20:16:25 L: 175   DEALS: 2     BALANCE: 9901.69    PROFIT: -0.01 
APP: 2025/05/18 20:16:25 L: 180   DEALS: 4     BALANCE: 9871.69    PROFIT: -0.01 
APP: 2025/05/18 20:16:26 L: 185   DEALS: 2     BALANCE: 9934.07    PROFIT: -0.01 
APP: 2025/05/18 20:16:27 L: 190   DEALS: 2     BALANCE: 9934.07    PROFIT: -0.01 
APP: 2025/05/18 20:16:27 L: 195   DEALS: 2     BALANCE: 9712.53    PROFIT: -0.03 
APP: 2025/05/18 20:16:28 L: 200   DEALS: 2     BALANCE: 9712.53    PROFIT: -0.03 
APP: 2025/05/18 20:16:28 Interval: 168h0m0s
APP: 2025/05/18 20:16:29 L: 5     DEALS: 11    BALANCE: 8033.70    PROFIT: -0.20 
APP: 2025/05/18 20:16:29 L: 10    DEALS: 4     BALANCE: 10116.11   PROFIT: 0.01  
APP: 2025/05/18 20:16:29 Too short history for L: 15
APP: 2025/05/18 20:16:30 Too short history for L: 20
APP: 2025/05/18 20:16:30 Too short history for L: 25
APP: 2025/05/18 20:16:30 Too short history for L: 30
APP: 2025/05/18 20:16:31 Too short history for L: 35
APP: 2025/05/18 20:16:31 L: 40    DEALS: 2     BALANCE: 9733.46    PROFIT: -0.03 
APP: 2025/05/18 20:16:31 Too short history for L: 45
APP: 2025/05/18 20:16:32 Too short history for L: 50
APP: 2025/05/18 20:16:32 Too short history for L: 55
APP: 2025/05/18 20:16:33 Too short history for L: 60
APP: 2025/05/18 20:16:33 Too short history for L: 65
APP: 2025/05/18 20:16:33 Too short history for L: 70
APP: 2025/05/18 20:16:34 Too short history for L: 75
APP: 2025/05/18 20:16:34 L: 80    DEALS: 2     BALANCE: 9942.76    PROFIT: -0.01 
APP: 2025/05/18 20:16:35 L: 85    DEALS: 4     BALANCE: 9756.26    PROFIT: -0.02 
APP: 2025/05/18 20:16:35 Too short history for L: 90
APP: 2025/05/18 20:16:36 Too short history for L: 95
APP: 2025/05/18 20:16:36 L: 100   DEALS: 2     BALANCE: 9201.59    PROFIT: -0.08 
APP: 2025/05/18 20:16:37 L: 105   DEALS: 2     BALANCE: 9201.59    PROFIT: -0.08 
APP: 2025/05/18 20:16:37 L: 110   DEALS: 2     BALANCE: 9201.59    PROFIT: -0.08 
APP: 2025/05/18 20:16:38 Too short history for L: 115
APP: 2025/05/18 20:16:39 Too short history for L: 120
APP: 2025/05/18 20:16:39 Too short history for L: 125
APP: 2025/05/18 20:16:40 Too short history for L: 130
APP: 2025/05/18 20:16:41 Too short history for L: 135
APP: 2025/05/18 20:16:41 Too short history for L: 140
APP: 2025/05/18 20:16:42 Too short history for L: 145
APP: 2025/05/18 20:16:42 Too short history for L: 150
APP: 2025/05/18 20:16:43 Too short history for L: 155
APP: 2025/05/18 20:16:43 Too short history for L: 160
APP: 2025/05/18 20:16:44 Too short history for L: 165
APP: 2025/05/18 20:16:45 Too short history for L: 170
APP: 2025/05/18 20:16:46 L: 175   DEALS: 2     BALANCE: 9596.53    PROFIT: -0.04 
APP: 2025/05/18 20:16:46 L: 180   DEALS: 2     BALANCE: 9201.59    PROFIT: -0.08 
APP: 2025/05/18 20:16:47 L: 185   DEALS: 2     BALANCE: 9201.59    PROFIT: -0.08 
APP: 2025/05/18 20:16:48 L: 190   DEALS: 2     BALANCE: 9201.59    PROFIT: -0.08 
APP: 2025/05/18 20:16:48 L: 195   DEALS: 2     BALANCE: 9201.59    PROFIT: -0.08 
APP: 2025/05/18 20:16:49 L: 200   DEALS: 2     BALANCE: 9201.59    PROFIT: -0.08 
